*** Error compiling 'rstbx/apps/dual_resolution_helpers.py'...
  File "rstbx/apps/dual_resolution_helpers.py", line 56
    print "len obs",len(obs_tt_sort)
                  ^
SyntaxError: invalid syntax

*** Error compiling 'rstbx/apps/slip_helpers.py'...
  File "rstbx/apps/slip_helpers.py", line 24
    print "staerting params",list(self.x)
                           ^
SyntaxError: invalid syntax

*** Error compiling 'rstbx/apps/spot_markup.py'...
  File "rstbx/apps/spot_markup.py", line 52
    print "BLUE: plotting %d integrated spots"%count_integrated
                                             ^
SyntaxError: Missing parentheses in call to 'print'. Did you mean print(int "BLUE: plotting %d integrated spots"%count_integrated)?

*** Error compiling 'rstbx/apps/stills/dials_refinement_preceding_integration.py'...
  File "rstbx/apps/stills/dials_refinement_preceding_integration.py", line 40
    print "Testing isoform %s"%isoform.name,isoform.cell.parameters()
                             ^
SyntaxError: invalid syntax

*** Error compiling 'rstbx/apps/stills/simple_integration.py'...
  File "rstbx/apps/stills/simple_integration.py", line 30
    print average_profile.focus()
                        ^
SyntaxError: invalid syntax

*** Error compiling 'rstbx/apps/stills/stills_integration.py'...
  File "rstbx/apps/stills/stills_integration.py", line 88
    print "Deltaphi is",float(inputpd['deltaphi'])
                      ^
SyntaxError: invalid syntax

*** Error compiling 'rstbx/bandpass/simulated_annealing.py'...
  File "rstbx/bandpass/simulated_annealing.py", line 21
    print self.format%tuple(self.x)
             ^
SyntaxError: invalid syntax

*** Error compiling 'rstbx/bpcx/compare_mosflm_xds.py'...
  File "rstbx/bpcx/compare_mosflm_xds.py", line 142
    print 'Read %d observations from %s' % (len(mos_hkl_xyz_isigi), mtz_file)
                                       ^
SyntaxError: invalid syntax

*** Error compiling 'rstbx/bpcx/detector_model/detector.py'...
  File "rstbx/bpcx/detector_model/detector.py", line 139
    print 'OK'
             ^
SyntaxError: Missing parentheses in call to 'print'. Did you mean print(int 'OK')?

*** Error compiling 'rstbx/bpcx/detector_model/instrument_specifics.py'...
  File "rstbx/bpcx/detector_model/instrument_specifics.py", line 121
    print "OK"
             ^
SyntaxError: Missing parentheses in call to 'print'. Did you mean print(int "OK")?

*** Error compiling 'rstbx/bpcx/detector_model/tst_detector_model.py'...
  File "rstbx/bpcx/detector_model/tst_detector_model.py", line 23
    print 'OK'
             ^
SyntaxError: Missing parentheses in call to 'print'. Did you mean print(int 'OK')?

*** Error compiling 'rstbx/bpcx/ersatz_misset.py'...
  File "rstbx/bpcx/ersatz_misset.py", line 43
    print '%7.3f %7.3f %7.3f' % tuple(xyz_angles(ub.inverse() * ub0))
                            ^
SyntaxError: invalid syntax

*** Error compiling 'rstbx/bpcx/uc1_2.py'...
  File "rstbx/bpcx/uc1_2.py", line 245
    print '%5d %5d %5d' % hkl, '%11.4f %11.4f %9.2f' % (
                      ^
SyntaxError: invalid syntax

*** Error compiling 'rstbx/bpcx/uc1_2_positions.py'...
  File "rstbx/bpcx/uc1_2_positions.py", line 139
    print x, y, z, dx, dy, dz
          ^
SyntaxError: Missing parentheses in call to 'print'. Did you mean print(print x, y, z, dx, dy, dz)?

*** Error compiling 'rstbx/bpcx/uc1_2_positions_idx.py'...
  File "rstbx/bpcx/uc1_2_positions_idx.py", line 140
    print x, y, z, dx, dy, dz
          ^
SyntaxError: Missing parentheses in call to 'print'. Did you mean print(print x, y, z, dx, dy, dz)?

*** Error compiling 'rstbx/bpcx/uc1_2_validate.py'...
  File "rstbx/bpcx/uc1_2_validate.py", line 141
    print observations[c][2][0], predictions[j][2][0]
                     ^
SyntaxError: Missing parentheses in call to 'print'. Did you mean print(print observations[c][2][0], predictions[j][2][0])?

*** Error compiling 'rstbx/bpcx/uc1_2a.py'...
  File "rstbx/bpcx/uc1_2a.py", line 330
    print 'XDS:', ranges(xyz_to_hkl_xds)
               ^
SyntaxError: invalid syntax

*** Error compiling 'rstbx/cftbx/coordinate_frame_converter.py'...
  File "rstbx/cftbx/coordinate_frame_converter.py", line 267
    print 'Maximum resolution: %.2f' % cfc.derive_detector_highest_resolution()
                                   ^
SyntaxError: invalid syntax

*** Error compiling 'rstbx/cftbx/coordinate_frame_helpers.py'...
  File "rstbx/cftbx/coordinate_frame_helpers.py", line 756
    print R * pa
          ^
SyntaxError: Missing parentheses in call to 'print'. Did you mean print(int R * pa)?

*** Error compiling 'rstbx/cftbx/tst_coordinate_frame_converter.py'...
  File "rstbx/cftbx/tst_coordinate_frame_converter.py", line 15
    print 'OK'
             ^
SyntaxError: Missing parentheses in call to 'print'. Did you mean print(t 'OK')?

*** Error compiling 'rstbx/command_line/example_viewer.py'...
  File "rstbx/command_line/example_viewer.py", line 25
    print "Use phenix.example_viewer <data file name[s]>"
                                                        ^
SyntaxError: Missing parentheses in call to 'print'. Did you mean print(int "Use phenix.example_viewer <data file name[s]>")?

*** Error compiling 'rstbx/command_line/simage.create.py'...
  File "rstbx/command_line/simage.create.py", line 17
    print "%3d %3d %3d" % h, "(%8.2f, %8.2f)" % tuple(x[:2]), "%.6g" % s
                      ^
SyntaxError: invalid syntax

*** Error compiling 'rstbx/detectors/silicon.py'...
  File "rstbx/detectors/silicon.py", line 42
    print eV, "%.2f"%Si_mass_attenuation().from_energy_eV(eV)
           ^
SyntaxError: invalid syntax

*** Error compiling 'rstbx/diffraction/fastbragg/__init__.py'...
  File "rstbx/diffraction/fastbragg/__init__.py", line 9
    print "Detector with %d x %d square pixels each with %5.3f mm edge"%(
                                                                      ^
SyntaxError: invalid syntax

*** Error compiling 'rstbx/diffraction/fastbragg/tst_bragg_minimal.py'...
  File "rstbx/diffraction/fastbragg/tst_bragg_minimal.py", line 330
    print "Skipping some tests: annlib not available."
                                                     ^
SyntaxError: Missing parentheses in call to 'print'. Did you mean print(int "Skipping some tests: annlib not available.")?

*** Error compiling 'rstbx/diffraction/tst_ewald_sphere.py'...
  File "rstbx/diffraction/tst_ewald_sphere.py", line 167
    print "OK"
             ^
SyntaxError: Missing parentheses in call to 'print'. Did you mean print(int "OK")?

*** Error compiling 'rstbx/diffraction/tst_partial_derivatives.py'...
  File "rstbx/diffraction/tst_partial_derivatives.py", line 97
    print "OK"
             ^
SyntaxError: Missing parentheses in call to 'print'. Did you mean print(int "OK")?

*** Error compiling 'rstbx/diffraction/tst_predict.py'...
  File "rstbx/diffraction/tst_predict.py", line 2001
    print "OK"
             ^
SyntaxError: Missing parentheses in call to 'print'. Did you mean print(t "OK")?

*** Error compiling 'rstbx/dps_core/__init__.py'...
  File "rstbx/dps_core/__init__.py", line 74
    print message,"%.4f %8.2f %8.2f kmax=%2d kval=%5.1f kval2=%5.1f kval3=%5.1f"%(
                ^
SyntaxError: invalid syntax

*** Error compiling 'rstbx/dps_core/basis_choice.py'...
  File "rstbx/dps_core/basis_choice.py", line 42
    print "There are systematic absences. Applying transformation",invS.transpose().elems
                                                                 ^
SyntaxError: invalid syntax

*** Error compiling 'rstbx/dps_core/tst_iotbx_converter.py'...
  File "rstbx/dps_core/tst_iotbx_converter.py", line 768
    print "OK"
             ^
SyntaxError: Missing parentheses in call to 'print'. Did you mean print(t "OK")?

*** Error compiling 'rstbx/dps_core/zuoreduction.py'...
  File "rstbx/dps_core/zuoreduction.py", line 41
    print "OK"
             ^
SyntaxError: Missing parentheses in call to 'print'. Did you mean print(t "OK")?

*** Error compiling 'rstbx/indexing/do_index.py'...
  File "rstbx/indexing/do_index.py", line 44
    print subgroup.short_digest()
                 ^
SyntaxError: invalid syntax

*** Error compiling 'rstbx/indexing/tst_dataset1.py'...
  File "rstbx/indexing/tst_dataset1.py", line 65
    print "Test autoindexing on synthetic reciprocal space positions"
                                                                    ^
SyntaxError: Missing parentheses in call to 'print'. Did you mean print(t "Test autoindexing on synthetic reciprocal space positions")?

*** Error compiling 'rstbx/indexing_api/basis_choice.py'...
  File "rstbx/indexing_api/basis_choice.py", line 91
    print "Report this problem to DIALS developers:"
                                                   ^
SyntaxError: Missing parentheses in call to 'print'. Did you mean print(print "Report this problem to DIALS developers:")?

*** Error compiling 'rstbx/indexing_api/force_cell.py'...
  File "rstbx/indexing_api/force_cell.py", line 41
    print "N candidates:",index_engine.n_candidates()
                        ^
SyntaxError: invalid syntax

*** Error compiling 'rstbx/indexing_api/lattice.py'...
  File "rstbx/indexing_api/lattice.py", line 137
    print "MINIMUM=",list(MIN.x)
                   ^
SyntaxError: invalid syntax

*** Error compiling 'rstbx/indexing_api/outlier_detection.py'...
  File "rstbx/indexing_api/outlier_detection.py", line 142
    print """After indexing on a subset of %d spots (from all images), %d were reclassified as
      either lying on the spindle, or potential overlapped spots or ice rings."""%(
                                                                                              
                                                                                ^
SyntaxError: invalid syntax

*** Error compiling 'rstbx/indexing_api/outlier_procedure.py'...
  File "rstbx/indexing_api/outlier_procedure.py", line 41
    if verbose: print "Before outlier rejection, triclinic rmsd %.3f on %d spots"%(
                                                                                ^
SyntaxError: invalid syntax

*** Error compiling 'rstbx/indexing_api/test_dps.py'...
  File "rstbx/indexing_api/test_dps.py", line 137
    print "Finishing"
                    ^
SyntaxError: Missing parentheses in call to 'print'. Did you mean print(int "Finishing")?

*** Error compiling 'rstbx/indexing_api/tools.py'...
  File "rstbx/indexing_api/tools.py", line 175
    print count,m
              ^
SyntaxError: Missing parentheses in call to 'print'. Did you mean print(print count,m)?

*** Error compiling 'rstbx/new_horizons/index.py'...
  File "rstbx/new_horizons/index.py", line 11
    print "Importing DISTL"
                          ^
SyntaxError: Missing parentheses in call to 'print'. Did you mean print(print "Importing DISTL")?

*** Error compiling 'rstbx/new_horizons/oscillation_shots.py'...
  File "rstbx/new_horizons/oscillation_shots.py", line 28
    print A
          ^
SyntaxError: Missing parentheses in call to 'print'. Did you mean print(int A)?

*** Error compiling 'rstbx/new_horizons/pixel_spread.py'...
  File "rstbx/new_horizons/pixel_spread.py", line 81
    print "point_projection",point_projection,
                           ^
SyntaxError: Missing parentheses in call to 'print'. Did you mean print(print "point_projection",point_projection, end=" ")?

*** Error compiling 'rstbx/new_horizons/speckfinder.py'...
  File "rstbx/new_horizons/speckfinder.py", line 26
    print "The mean is ",flex.mean(active_data),"on %d pixels"%len(active_data)
                       ^
SyntaxError: invalid syntax

*** Error compiling 'rstbx/new_horizons/spot_shape.py'...
  File "rstbx/new_horizons/spot_shape.py", line 53
    print "%5d Johan radial %6.2f px, Johan azimuthal %6.2f px"%(ipidx, radial, azimuthal),
                                                              ^
SyntaxError: invalid syntax

*** Error compiling 'rstbx/new_horizons/stats_index.py'...
  File "rstbx/new_horizons/stats_index.py", line 46
    print "Comparing old count %d new count %d, difference %d"%(old_count,new_count,new_count-old_count)
                                                             ^
SyntaxError: invalid syntax

*** Error compiling 'rstbx/outlier_spots/fit_distribution.py'...
  File "rstbx/outlier_spots/fit_distribution.py", line 40
    print "The cumulative distribution function (y_data) should only have values be between 0 and 1."
                                                                                                    ^
SyntaxError: invalid syntax

*** Error compiling 'rstbx/run_tests.py'...
  File "rstbx/run_tests.py", line 19
    print "OK"
             ^
SyntaxError: Missing parentheses in call to 'print'. Did you mean print(t "OK")?

*** Error compiling 'rstbx/simage/explore_completeness.py'...
  File "rstbx/simage/explore_completeness.py", line 49
    print "Complete with %d images." % (len(O.completeness_history)-1)
                                   ^
SyntaxError: invalid syntax

*** Error compiling 'rstbx/simage/refine_uc_cr.py'...
  File "rstbx/simage/refine_uc_cr.py", line 96
    print "refinement target:"
                             ^
SyntaxError: Missing parentheses in call to 'print'. Did you mean print(int "refinement target:")?

*** Error compiling 'rstbx/simage/run_labelit_index.py'...
  File "rstbx/simage/run_labelit_index.py", line 21
    print "Highest-resolution of spots: %.3f" % result
                                            ^
SyntaxError: Missing parentheses in call to 'print'. Did you mean print(t "Highest-resolution of spots: %.3f" % result)?

*** Error compiling 'rstbx/simage/run_spotfinder.py'...
  File "rstbx/simage/run_spotfinder.py", line 32
    print "Time spot finding: %.2f" % (time.time()-t0)
                                  ^
SyntaxError: invalid syntax

*** Error compiling 'rstbx/simage/solver.py'...
  File "rstbx/simage/solver.py", line 11
    print msg
            ^
SyntaxError: Missing parentheses in call to 'print'. Did you mean print(t msg)?

*** Error compiling 'rstbx/simage/tst.py'...
  File "rstbx/simage/tst.py", line 166
    print "Skipping some tests due to missing file: %s" % relative_path
                                                      ^
SyntaxError: Missing parentheses in call to 'print'. Did you mean print(int "Skipping some tests due to missing file: %s" % relative_path)?

*** Error compiling 'rstbx/simage/wx_display.py'...
  File "rstbx/simage/wx_display.py", line 68
    print "WARNING:"
                   ^
SyntaxError: Missing parentheses in call to 'print'. Did you mean print(print "WARNING:")?

*** Error compiling 'rstbx/simulation/__init__.py'...
  File "rstbx/simulation/__init__.py", line 13
    print "In XFEL1 simulation"
                              ^
SyntaxError: Missing parentheses in call to 'print'. Did you mean print(int "In XFEL1 simulation")?

*** Error compiling 'rstbx/simulation/sim_pdf.py'...
  File "rstbx/simulation/sim_pdf.py", line 45
    print text
             ^
SyntaxError: Missing parentheses in call to 'print'. Did you mean print(int text)?

*** Error compiling 'rstbx/simulation/sim_utils.py'...
  File "rstbx/simulation/sim_utils.py", line 39
    print "OK"
             ^
SyntaxError: Missing parentheses in call to 'print'. Did you mean print(t "OK")?

*** Error compiling 'rstbx/slip_viewer/calibration_frame.py'...
  File "rstbx/slip_viewer/calibration_frame.py", line 97
    print "Not implemented"
                          ^
SyntaxError: Missing parentheses in call to 'print'. Did you mean print(int "Not implemented")?

*** Error compiling 'rstbx/slip_viewer/frame.py'...
  File "rstbx/slip_viewer/frame.py", line 70
    print "Loaded plugins: " + ", ".join(plugin_names)
                           ^
SyntaxError: invalid syntax

*** Error compiling 'rstbx/slip_viewer/pyslip.py'...
  File "rstbx/slip_viewer/pyslip.py", line 1497
    exec self.point_view_placement[place]
            ^
SyntaxError: Missing parentheses in call to 'exec'

*** Error compiling 'rstbx/slip_viewer/ring_frame.py'...
  File "rstbx/slip_viewer/ring_frame.py", line 187
    print "r: % 3.1f, i: % 3.1f, j: % 3.1f, best: %f"%(r, i, j, best)
                                                    ^
SyntaxError: invalid syntax

*** Error compiling 'rstbx/slip_viewer/score_frame.py'...
  File "rstbx/slip_viewer/score_frame.py", line 126
    print "Dumped scores to", path
                           ^
SyntaxError: Missing parentheses in call to 'print'. Did you mean print(print "Dumped scores to", path)?

*** Error compiling 'rstbx/slip_viewer/uc_frame.py'...
  File "rstbx/slip_viewer/uc_frame.py", line 287
    print "Printing spacings, len: %s"%len(spacings)
                                     ^
SyntaxError: invalid syntax

*** Error compiling 'rstbx/symmetry/constraints/parameter_reduction.py'...
  File "rstbx/symmetry/constraints/parameter_reduction.py", line 106
    print orient,cs,symmetry.space_group().type().lookup_symbol()
               ^
SyntaxError: invalid syntax

*** Error compiling 'rstbx/viewer/__init__.py'...
  File "rstbx/viewer/__init__.py", line 276
    print "%d spot predictions loaded" % mp.size()
                                     ^
SyntaxError: invalid syntax

*** Error compiling 'rstbx/viewer/calibration.py'...
  File "rstbx/viewer/calibration.py", line 73
    print self.hkl_list[rev_order[x]], spacings[rev_order[x]]
             ^
SyntaxError: Missing parentheses in call to 'print'. Did you mean print(print self.hkl_list[rev_order[x]], spacings[rev_order[x]])?

*** Error compiling 'rstbx/viewer/calibration_frame.py'...
  File "rstbx/viewer/calibration_frame.py", line 107
    print "DISTANCE",self.GetParent().GetParent().viewer._img
                   ^
SyntaxError: invalid syntax

*** Error compiling 'rstbx/viewer/dataset.py'...
  File "rstbx/viewer/dataset.py", line 84
    print self.stack_ctrl.GetSelection()
             ^
SyntaxError: invalid syntax

*** Error compiling 'rstbx/viewer/display.py'...
  File "rstbx/viewer/display.py", line 189
    print e
          ^
SyntaxError: Missing parentheses in call to 'print'. Did you mean print(print e)?

*** Error compiling 'rstbx/viewer/drivers.py'...
  File "rstbx/viewer/drivers.py", line 42
    print "Will index on images %d and %d..." % (start, frame2)
                                            ^
SyntaxError: invalid syntax

*** Error compiling 'rstbx/viewer/results_base.py'...
  File "rstbx/viewer/results_base.py", line 102
    print "integration file: %s" % file_path
                               ^
SyntaxError: Missing parentheses in call to 'print'. Did you mean print(int "integration file: %s" % file_path)?

*** Error compiling 'rstbx/viewer/tst.py'...
  File "rstbx/viewer/tst.py", line 32
    print "OK"
             ^
SyntaxError: Missing parentheses in call to 'print'. Did you mean print(t "OK")?

